android/app/build/intermediates/manifest_merge_blame_file/release/manifest-merger-blame-release-report.txt
1<?xml version="1.0" encoding="utf-8"?>
2<manifest xmlns:android="http://schemas.android.com/apk/res/android"
3    package="com.affinityinteractive.dgpi"
4    android:versionCode="3"
5    android:versionName="1.2" >
6
7    <uses-sdk
8        android:minSdkVersion="16"
8-->src\main\AndroidManifest.xml
9        android:targetSdkVersion="29" />
9-->src\main\AndroidManifest.xml
10
11    <uses-permission android:name="android.permission.INTERNET" />
11-->src\main\AndroidManifest.xml:4:5-67
11-->src\main\AndroidManifest.xml:4:22-64
12
13    <!-- Required by older versions of Google Play services to create IID tokens -->
14    <uses-permission android:name="com.google.android.c2dm.permission.RECEIVE" />
14-->[com.google.android.gms:play-services-iid:17.0.0] AndroidManifest.xml:23:5-82
14-->[com.google.android.gms:play-services-iid:17.0.0] AndroidManifest.xml:23:22-79
15    <uses-permission android:name="com.google.android.finsky.permission.BIND_GET_INSTALL_REFERRER_SERVICE" />
15-->[com.android.installreferrer:installreferrer:1.1.2] AndroidManifest.xml:9:5-110
15-->[com.android.installreferrer:installreferrer:1.1.2] AndroidManifest.xml:9:22-107
16
17    <application
17-->src\main\AndroidManifest.xml:6:5-27:19
18        android:name="com.affinityinteractive.dgpi.MainApplication"
18-->src\main\AndroidManifest.xml:7:7-38
19        android:allowBackup="true"
19-->src\main\AndroidManifest.xml:11:7-33
20        android:appComponentFactory="androidx.core.app.CoreComponentFactory"
20-->[androidx.core:core:1.1.0] AndroidManifest.xml:24:18-86
21        android:icon="@mipmap/ic_launcher"
21-->src\main\AndroidManifest.xml:9:7-41
22        android:label="@string/app_name"
22-->src\main\AndroidManifest.xml:8:7-39
23        android:roundIcon="@mipmap/ic_launcher"
23-->src\main\AndroidManifest.xml:10:7-46
24        android:theme="@style/AppTheme"
24-->src\main\AndroidManifest.xml:14:7-38
25        android:usesCleartextTraffic="true" >
25-->src\main\AndroidManifest.xml:12:9-44
26        <activity
26-->src\main\AndroidManifest.xml:15:7-25:18
27            android:name="com.affinityinteractive.dgpi.MainActivity"
27-->src\main\AndroidManifest.xml:16:9-37
28            android:configChanges="keyboard|keyboardHidden|orientation|screenSize|uiMode"
28-->src\main\AndroidManifest.xml:18:9-86
29            android:label="@string/app_name"
29-->src\main\AndroidManifest.xml:17:9-41
30            android:launchMode="singleTask"
30-->src\main\AndroidManifest.xml:19:9-40
31            android:windowSoftInputMode="adjustResize" >
31-->src\main\AndroidManifest.xml:20:9-51
32            <intent-filter>
32-->src\main\AndroidManifest.xml:21:9-24:25
33                <action android:name="android.intent.action.MAIN" />
33-->src\main\AndroidManifest.xml:22:13-65
33-->src\main\AndroidManifest.xml:22:21-62
34
35                <category android:name="android.intent.category.LAUNCHER" />
35-->src\main\AndroidManifest.xml:23:13-73
35-->src\main\AndroidManifest.xml:23:23-70
36            </intent-filter>
37        </activity>
38        <activity android:name="com.facebook.react.devsupport.DevSettingsActivity" />
38-->src\main\AndroidManifest.xml:26:7-84
38-->src\main\AndroidManifest.xml:26:17-81
39
40        <receiver
40-->[:react-native-device-info] AndroidManifest.xml:13:9-22:20
41            android:name="com.learnium.RNDeviceInfo.RNDeviceReceiver"
41-->[:react-native-device-info] AndroidManifest.xml:14:13-70
42            android:enabled="true"
42-->[:react-native-device-info] AndroidManifest.xml:15:13-35
43            android:exported="true"
43-->[:react-native-device-info] AndroidManifest.xml:16:13-36
44            android:permission="android.permission.INSTALL_PACKAGES" >
44-->[:react-native-device-info] AndroidManifest.xml:17:13-69
45            <intent-filter>
45-->[:react-native-device-info] AndroidManifest.xml:19:13-21:29
46                <action android:name="com.android.vending.INSTALL_REFERRER" />
46-->[:react-native-device-info] AndroidManifest.xml:20:17-79
46-->[:react-native-device-info] AndroidManifest.xml:20:25-76
47            </intent-filter>
48        </receiver>
49
50        <provider
50-->[:react-native-webview] AndroidManifest.xml:12:9-20:20
51            android:name="com.reactnativecommunity.webview.RNCWebViewFileProvider"
51-->[:react-native-webview] AndroidManifest.xml:13:13-83
52            android:authorities="com.affinityinteractive.dgpi.fileprovider"
52-->[:react-native-webview] AndroidManifest.xml:14:13-64
53            android:exported="false"
53-->[:react-native-webview] AndroidManifest.xml:15:13-37
54            android:grantUriPermissions="true" >
54-->[:react-native-webview] AndroidManifest.xml:16:13-47
55            <meta-data
55-->[:react-native-webview] AndroidManifest.xml:17:13-19:63
56                android:name="android.support.FILE_PROVIDER_PATHS"
56-->[:react-native-webview] AndroidManifest.xml:18:17-67
57                android:resource="@xml/file_provider_paths" />
57-->[:react-native-webview] AndroidManifest.xml:19:17-60
58        </provider>
59
60        <activity
60-->[com.google.android.gms:play-services-auth:19.0.0] AndroidManifest.xml:23:9-27:75
61            android:name="com.google.android.gms.auth.api.signin.internal.SignInHubActivity"
61-->[com.google.android.gms:play-services-auth:19.0.0] AndroidManifest.xml:24:13-93
62            android:excludeFromRecents="true"
62-->[com.google.android.gms:play-services-auth:19.0.0] AndroidManifest.xml:25:13-46
63            android:exported="false"
63-->[com.google.android.gms:play-services-auth:19.0.0] AndroidManifest.xml:26:13-37
64            android:theme="@android:style/Theme.Translucent.NoTitleBar" />
64-->[com.google.android.gms:play-services-auth:19.0.0] AndroidManifest.xml:27:13-72
65        <!--
66            Service handling Google Sign-In user revocation. For apps that do not integrate with
67            Google Sign-In, this service will never be started.
68        -->
69        <service
69-->[com.google.android.gms:play-services-auth:19.0.0] AndroidManifest.xml:33:9-37:51
70            android:name="com.google.android.gms.auth.api.signin.RevocationBoundService"
70-->[com.google.android.gms:play-services-auth:19.0.0] AndroidManifest.xml:34:13-89
71            android:exported="true"
71-->[com.google.android.gms:play-services-auth:19.0.0] AndroidManifest.xml:35:13-36
72            android:permission="com.google.android.gms.auth.api.signin.permission.REVOCATION_NOTIFICATION"
72-->[com.google.android.gms:play-services-auth:19.0.0] AndroidManifest.xml:36:13-107
73            android:visibleToInstantApps="true" />
73-->[com.google.android.gms:play-services-auth:19.0.0] AndroidManifest.xml:37:13-48
74
75        <activity
75-->[com.google.android.gms:play-services-base:17.1.0] AndroidManifest.xml:23:9-26:75
76            android:name="com.google.android.gms.common.api.GoogleApiActivity"
76-->[com.google.android.gms:play-services-base:17.1.0] AndroidManifest.xml:24:13-79
77            android:exported="false"
77-->[com.google.android.gms:play-services-base:17.1.0] AndroidManifest.xml:25:13-37
78            android:theme="@android:style/Theme.Translucent.NoTitleBar" />
78-->[com.google.android.gms:play-services-base:17.1.0] AndroidManifest.xml:26:13-72
79
80        <provider
80-->[com.google.firebase:firebase-common:19.4.0] AndroidManifest.xml:26:9-31:39
81            android:name="com.google.firebase.provider.FirebaseInitProvider"
81-->[com.google.firebase:firebase-common:19.4.0] AndroidManifest.xml:27:13-77
82            android:authorities="com.affinityinteractive.dgpi.firebaseinitprovider"
82-->[com.google.firebase:firebase-common:19.4.0] AndroidManifest.xml:28:13-72
83            android:directBootAware="true"
83-->[com.google.firebase:firebase-common:19.4.0] AndroidManifest.xml:29:13-43
84            android:exported="false"
84-->[com.google.firebase:firebase-common:19.4.0] AndroidManifest.xml:30:13-37
85            android:initOrder="100" />
85-->[com.google.firebase:firebase-common:19.4.0] AndroidManifest.xml:31:13-36
86
87        <service
87-->[com.google.firebase:firebase-common:19.4.0] AndroidManifest.xml:33:9-37:35
88            android:name="com.google.firebase.components.ComponentDiscoveryService"
88-->[com.google.firebase:firebase-common:19.4.0] AndroidManifest.xml:34:13-84
89            android:directBootAware="true"
89-->[com.google.firebase:firebase-common:19.4.0] AndroidManifest.xml:35:13-43
90            android:exported="false" />
90-->[com.google.firebase:firebase-common:19.4.0] AndroidManifest.xml:36:13-37
91
92        <meta-data
92-->[com.google.android.gms:play-services-basement:17.1.1] AndroidManifest.xml:23:9-25:69
93            android:name="com.google.android.gms.version"
93-->[com.google.android.gms:play-services-basement:17.1.1] AndroidManifest.xml:24:13-58
94            android:value="@integer/google_play_services_version" />
94-->[com.google.android.gms:play-services-basement:17.1.1] AndroidManifest.xml:25:13-66
95    </application>
96
97</manifest>